c:\users\jayden\desktop\rcds-desktop-app\desktop-app\desktop-app\x64\debug\vc141.pdb
c:\users\jayden\desktop\rcds-desktop-app\desktop-app\desktop-app\x64\debug\sensor.obj
c:\users\jayden\desktop\rcds-desktop-app\desktop-app\desktop-app\x64\debug\record.obj
c:\users\jayden\desktop\rcds-desktop-app\desktop-app\desktop-app\x64\debug\myform.obj
c:\users\jayden\desktop\rcds-desktop-app\desktop-app\desktop-app\x64\debug\.netframework,version=v4.6.1.assemblyattributes.obj
c:\users\jayden\desktop\rcds-desktop-app\desktop-app\desktop-app\x64\debug\.netframework,version=v4.6.1.assemblyattributes.asm
c:\users\jayden\desktop\rcds-desktop-app\desktop-app\desktop-app\x64\debug\database.obj
c:\users\jayden\desktop\rcds-desktop-app\desktop-app\desktop-app\x64\debug\desktopapp.myform.resources
c:\users\jayden\desktop\rcds-desktop-app\desktop-app\x64\debug\desktop-app.exe
c:\users\jayden\desktop\rcds-desktop-app\desktop-app\x64\debug\desktop-app.pdb
c:\users\jayden\desktop\rcds-desktop-app\desktop-app\desktop-app\x64\debug\desktop-app.vcxproj.generateresource.cache
c:\users\jayden\desktop\rcds-desktop-app\desktop-app\desktop-app\x64\debug\desktop-app.vcxprojresolveassemblyreference.cache
c:\users\jayden\desktop\rcds-desktop-app\desktop-app\desktop-app\x64\debug\desktop-app.tlog\cl.command.1.tlog
c:\users\jayden\desktop\rcds-desktop-app\desktop-app\desktop-app\x64\debug\desktop-app.tlog\cl.read.1.tlog
c:\users\jayden\desktop\rcds-desktop-app\desktop-app\desktop-app\x64\debug\desktop-app.tlog\cl.write.1.tlog
c:\users\jayden\desktop\rcds-desktop-app\desktop-app\desktop-app\x64\debug\desktop-app.tlog\desktop-app.write.1u.tlog
c:\users\jayden\desktop\rcds-desktop-app\desktop-app\desktop-app\x64\debug\desktop-app.tlog\link.command.1.tlog
c:\users\jayden\desktop\rcds-desktop-app\desktop-app\desktop-app\x64\debug\desktop-app.tlog\link.read.1.tlog
c:\users\jayden\desktop\rcds-desktop-app\desktop-app\desktop-app\x64\debug\desktop-app.tlog\link.write.1.tlog
c:\users\jayden\desktop\rcds-desktop-app\desktop-app\desktop-app\x64\debug\desktop-app.tlog\metagen.read.1.tlog
c:\users\jayden\desktop\rcds-desktop-app\desktop-app\desktop-app\x64\debug\desktop-app.tlog\metagen.write.1.tlog
c:\users\jayden\desktop\rcds-desktop-app\desktop-app\desktop-app\x64\debug\desktop-app.tlog\tzres.dll.bi
